src\gameplay\core\tasks\closeNpcTradeBox.py:9: error: Function is missing a return type annotation  [no-untyped-def]
src\gameplay\core\tasks\closeNpcTradeBox.py:9: note: Use "-> None" if function does not return a value
src\gameplay\core\tasks\buyItem.py:10: error: Function is missing a type annotation for one or more arguments  [no-untyped-def]
src\gameplay\core\tasks\buyItem.py:23: error: Unsupported operand types for <= ("str" and "int")  [operator]
src\gameplay\core\tasks\buyItem.py:28: error: Argument 3 to "buyItem" has incompatible type "str"; expected "int"  [arg-type]
src\gameplay\core\tasks\openDepot.py:11: error: Function is missing a return type annotation  [no-untyped-def]
src\gameplay\core\tasks\openDepot.py:11: note: Use "-> None" if function does not return a value
src\gameplay\core\tasks\openDepot.py:20: error: Value of type "tuple[int, int, int, int] | None" is not indexable  [index]
src\gameplay\core\tasks\expandBackpack.py:31: error: Value of type "tuple[int, int, int, int] | None" is not indexable  [index]
src\gameplay\core\tasks\expandBackpack.py:32: error: Value of type "tuple[int, int, int, int] | None" is not indexable  [index]
src\gameplay\core\tasks\dropEachFlask.py:32: error: Value of type "int" is not indexable  [index]
src\gameplay\core\tasks\dropEachFlask.py:40: error: Incompatible return value type (got "tuple[None, tuple[int, int]]", expected "tuple[int, int]")  [return-value]
src\gameplay\core\tasks\dropEachFlask.py:51: error: Incompatible return value type (got "tuple[str | None, tuple[int, int]]", expected "tuple[int, int]")  [return-value]
src\gameplay\core\tasks\dropBackpackIntoStash.py:19: error: Value of type "tuple[int, int, int, int] | None" is not indexable  [index]
src\gameplay\core\tasks\dragItemsToFloor.py:22: error: Value of type "tuple[int, int, int, int] | None" is not indexable  [index]
src\gameplay\core\tasks\dragItemsToFloor.py:25: error: Value of type "tuple[int, int, int, int] | None" is not indexable  [index]
src\gameplay\core\tasks\dragItemsToFloor.py:29: error: Value of type "tuple[int, int, int, int] | None" is not indexable  [index]
src\gameplay\core\tasks\dragItems.py:23: error: Value of type "tuple[int, int, int, int] | None" is not indexable  [index]
src\gameplay\core\tasks\dragItems.py:26: error: Value of type "tuple[int, int, int, int] | None" is not indexable  [index]
src\gameplay\core\tasks\dragItems.py:31: error: Value of type "tuple[int, int, int, int] | None" is not indexable  [index]
src\gameplay\core\tasks\dragItems.py:32: error: Value of type "tuple[int, int, int, int] | None" is not indexable  [index]
src\gameplay\core\tasks\useHole.py:19: error: Argument 1 to "rightClickSlot" has incompatible type "tuple[int, int] | None"; expected "tuple[int, int]"  [arg-type]
src\gameplay\core\tasks\rightClickUse.py:18: error: Argument 1 to "rightClickSlot" has incompatible type "tuple[int, int] | None"; expected "tuple[int, int]"  [arg-type]
src\gameplay\core\tasks\rightClickDirection.py:24: error: Incompatible types in assignment (expression has type "tuple[Any, ...]", variable has type "list[Any]")  [assignment]
src\gameplay\core\tasks\rightClickDirection.py:26: error: Argument 2 to "getSlotFromCoordinate" has incompatible type "list[Any]"; expected "tuple[int, int, int]"  [arg-type]
src\gameplay\core\tasks\rightClickDirection.py:28: error: Argument 1 to "rightClickSlot" has incompatible type "tuple[int, int] | None"; expected "tuple[int, int]"  [arg-type]
src\gameplay\core\tasks\openLocker.py:9: error: Function is missing a return type annotation  [no-untyped-def]
src\gameplay\core\tasks\openLocker.py:9: note: Use "-> None" if function does not return a value
src\gameplay\core\tasks\openLocker.py:21: error: Argument 1 to "rightClickSlot" has incompatible type "tuple[int, int] | None"; expected "tuple[int, int]"  [arg-type]
src\gameplay\core\tasks\clickInCoordinate.py:20: error: Argument 1 to "clickSlot" has incompatible type "tuple[int, int] | None"; expected "tuple[int, int]"  [arg-type]
src\gameplay\core\tasks\setChatOff.py:10: error: Function is missing a return type annotation  [no-untyped-def]
src\gameplay\core\tasks\setChatOff.py:10: note: Use "-> None" if function does not return a value
src\repositories\actionBar\core.py:28: error: Call to untyped function "rescale_intensity" in typed context  [no-untyped-call]
src\repositories\actionBar\core.py:34: error: Call to untyped function "equalize_hist" in typed context  [no-untyped-call]
src\repositories\actionBar\core.py:56: error: "object" has no attribute "get"  [attr-defined]
src\repositories\actionBar\core.py:79: error: Value of type "object" is not indexable  [index]
src\repositories\actionBar\core.py:95: error: Value of type "object" is not indexable  [index]
src\repositories\actionBar\core.py:101: error: Value of type "object" is not indexable  [index]
src\repositories\actionBar\core.py:107: error: Value of type "object" is not indexable  [index]
src\repositories\actionBar\core.py:114: error: Value of type "object" is not indexable  [index]
src\repositories\actionBar\core.py:120: error: Value of type "object" is not indexable  [index]
src\repositories\actionBar\core.py:147: error: Value of type "object" is not indexable  [index]
src\repositories\actionBar\core.py:154: error: Value of type "object" is not indexable  [index]
src\gameplay\core\tasks\sayPlayerAfterBox.py:9: error: Function is missing a return type annotation  [no-untyped-def]
src\gameplay\core\tasks\sayPlayerAfterBox.py:9: note: Use "-> None" if function does not return a value
src\gameplay\core\middlewares\battleList.py:9: error: Argument 1 to "getCreatures" has incompatible type "ndarray[Any, Any] | None"; expected "ndarray[Any, Any]"  [arg-type]
src\gameplay\healing\observers\healingBySpells.py:51: error: "object" has no attribute "get"  [attr-defined]
src\gameplay\healing\observers\healingBySpells.py:68: error: "object" has no attribute "get"  [attr-defined]
src\gameplay\healing\observers\healingBySpells.py:83: error: "object" has no attribute "get"  [attr-defined]
src\gameplay\healing\observers\healingBySpells.py:91: error: "object" has no attribute "get"  [attr-defined]
src\gameplay\healing\observers\clearPoison.py:26: error: "object" has no attribute "get"  [attr-defined]
src\gameplay\healing\observers\autoHur.py:54: error: "object" has no attribute "get"  [attr-defined]
src\gameplay\core\tasks\setNextSpell.py:27: error: Argument 1 to "hasCooldownByName" has incompatible type "ndarray[Any, Any] | None"; expected "ndarray[Any, Any]"  [arg-type]
src\gameplay\core\tasks\useComboHotkey.py:16: error: Argument 2 to "UseHotkeyTask" has incompatible type "float"; expected "int"  [arg-type]
src\repositories\radar\core.py:29: error: No overload variant of "get" of "dict" matches argument types "int", "None"  [call-overload]
src\repositories\radar\core.py:29: note: Possible overload variants:
src\repositories\radar\core.py:29: note:     def get(self, str, None = ..., /) -> Any | None
src\repositories\radar\core.py:29: note:     def get(self, str, Any, /) -> Any
src\repositories\radar\core.py:29: note:     def [_T] get(self, str, _T, /) -> Any | _T
src\repositories\radar\core.py:127: error: Variable "src.repositories.radar.typings.TileFriction" is not valid as a type  [valid-type]
src\repositories\radar\core.py:127: note: See https://mypy.readthedocs.io/en/stable/common_issues.html#variables-vs-type-aliases
src\repositories\radar\core.py:138: error: Incompatible return value type (got "int | None", expected "int")  [return-value]
src\repositories\radar\core.py:143: error: Variable "src.repositories.radar.typings.TileFriction" is not valid as a type  [valid-type]
src\repositories\radar\core.py:143: note: See https://mypy.readthedocs.io/en/stable/common_issues.html#variables-vs-type-aliases
src\repositories\gameWindow\creatures.py:41: error: Function is missing a return type annotation  [no-untyped-def]
src\repositories\gameWindow\creatures.py:41: error: Function is missing a type annotation for one or more arguments  [no-untyped-def]
src\repositories\gameWindow\creatures.py:111: error: Function is missing a return type annotation  [no-untyped-def]
src\repositories\gameWindow\creatures.py:111: error: Function is missing a type annotation for one or more arguments  [no-untyped-def]
src\repositories\gameWindow\creatures.py:134: error: Need type annotation for "nonCreaturesForCurrentBar" (hint: "nonCreaturesForCurrentBar: dict[<type>, <type>] = ...")  [var-annotated]
src\repositories\gameWindow\creatures.py:233: error: Function is missing a return type annotation  [no-untyped-def]
src\repositories\gameWindow\creatures.py:233: error: Function is missing a type annotation for one or more arguments  [no-untyped-def]
src\repositories\gameWindow\creatures.py:282: error: Function is missing a type annotation for one or more arguments  [no-untyped-def]
src\repositories\gameWindow\creatures.py:293: error: Function is missing a type annotation  [no-untyped-def]
src\repositories\gameWindow\creatures.py:410: error: Function is missing a return type annotation  [no-untyped-def]
src\gameplay\core\tasks\walk.py:13: error: Function is missing a type annotation for one or more arguments  [no-untyped-def]
src\gameplay\core\tasks\walk.py:19: error: Argument 1 to "getBreakpointTileMovementSpeed" has incompatible type "int | None"; expected "int"  [arg-type]
src\gameplay\core\tasks\walk.py:39: error: "BaseTask" has no attribute "tasks"  [attr-defined]
src\gameplay\core\tasks\walk.py:40: error: "BaseTask" has no attribute "currentTaskIndex"  [attr-defined]
src\gameplay\core\tasks\walk.py:40: error: "BaseTask" has no attribute "tasks"  [attr-defined]
src\gameplay\core\tasks\walk.py:42: error: "BaseTask" has no attribute "tasks"  [attr-defined]
src\gameplay\core\tasks\walk.py:42: error: "BaseTask" has no attribute "currentTaskIndex"  [attr-defined]
src\gameplay\core\tasks\walk.py:50: error: Item "BaseTask" of "BaseTask | None" has no attribute "tasks"  [union-attr]
src\gameplay\core\tasks\walk.py:50: error: Item "None" of "BaseTask | None" has no attribute "tasks"  [union-attr]
src\gameplay\core\tasks\walk.py:56: error: Item "BaseTask" of "BaseTask | None" has no attribute "tasks"  [union-attr]
src\gameplay\core\tasks\walk.py:56: error: Item "None" of "BaseTask | None" has no attribute "tasks"  [union-attr]
src\gameplay\core\tasks\singleWalkPress.py:19: error: Argument 1 to "getBreakpointTileMovementSpeed" has incompatible type "int | None"; expected "int"  [arg-type]
src\ui\pages\cavebot\cavebotPage.py:308: error: Incompatible types in assignment (expression has type "BaseModal", variable has type "None")  [assignment]
src\ui\pages\cavebot\cavebotPage.py:313: error: Incompatible types in assignment (expression has type "RefillModal", variable has type "None")  [assignment]
src\ui\pages\cavebot\cavebotPage.py:318: error: Incompatible types in assignment (expression has type "BuyBackpackModal", variable has type "None")  [assignment]
src\ui\pages\cavebot\cavebotPage.py:327: error: Incompatible types in assignment (expression has type "RefillCheckerModal", variable has type "None")  [assignment]
src\ui\pages\cavebot\cavebotPage.py:382: error: Incompatible types in assignment (expression has type "RefillModal", variable has type "None")  [assignment]
src\ui\pages\cavebot\cavebotPage.py:386: error: Incompatible types in assignment (expression has type "BuyBackpackModal", variable has type "None")  [assignment]
src\ui\pages\cavebot\cavebotPage.py:390: error: Incompatible types in assignment (expression has type "DepositItemsModal", variable has type "None")  [assignment]
src\ui\pages\cavebot\cavebotPage.py:394: error: Incompatible types in assignment (expression has type "TravelModal", variable has type "None")  [assignment]
src\ui\pages\cavebot\cavebotPage.py:399: error: Incompatible types in assignment (expression has type "RefillCheckerModal", variable has type "None")  [assignment]
src\ui\pages\cavebot\cavebotPage.py:403: error: Incompatible types in assignment (expression has type "BaseModal", variable has type "None")  [assignment]
src\ui\pages\cavebot\cavebotPage.py:432: error: Incompatible types in assignment (expression has type "IgnoreCreaturesPage", variable has type "None")  [assignment]
src\gameplay\core\middlewares\gameWindow.py:62: error: Argument 3 to "getDifferentCreaturesBySlots" has incompatible type "list[list[int]]"; expected "list[tuple[int, int]]"  [arg-type]
src\gameplay\core\middlewares\gameWindow.py:67: error: Call to untyped function "getTargetCreature" in typed context  [no-untyped-call]
src\gameplay\combo.py:50: error: "object" has no attribute "get"  [attr-defined]
src\gameplay\threads\ui.py:7: error: Function is missing a type annotation  [no-untyped-def]
src\gameplay\threads\ui.py:11: error: Function is missing a return type annotation  [no-untyped-def]
src\gameplay\threads\ui.py:11: note: Use "-> None" if function does not return a value
src\gameplay\core\tasks\setNextWaypoint.py:8: error: Function is missing a return type annotation  [no-untyped-def]
src\gameplay\core\tasks\setNextWaypoint.py:8: note: Use "-> None" if function does not return a value
src\gameplay\core\tasks\useShovelWaypoint.py:20: error: Call to untyped function "SetNextWaypointTask" in typed context  [no-untyped-call]
src\gameplay\core\tasks\singleMove.py:20: error: Call to untyped function "SetNextWaypointTask" in typed context  [no-untyped-call]
src\gameplay\core\tasks\rightClickUseWaypoint.py:18: error: Call to untyped function "SetNextWaypointTask" in typed context  [no-untyped-call]
src\gameplay\core\tasks\rightClickDirectionWaypoint.py:19: error: Call to untyped function "SetNextWaypointTask" in typed context  [no-untyped-call]
src\gameplay\core\tasks\dropFlasks.py:22: error: Call to untyped function "SetNextWaypointTask" in typed context  [no-untyped-call]
src\gameplay\core\tasks\depositItemsHouse.py:12: error: Function is missing a return type annotation  [no-untyped-def]
src\gameplay\core\tasks\depositItemsHouse.py:12: note: Use "-> None" if function does not return a value
src\gameplay\core\tasks\depositItemsHouse.py:27: error: Call to untyped function "SetNextWaypointTask" in typed context  [no-untyped-call]
src\gameplay\core\tasks\travel.py:29: error: Call to untyped function "SetChatOffTask" in typed context  [no-untyped-call]
src\gameplay\core\tasks\travel.py:30: error: Call to untyped function "SetNextWaypointTask" in typed context  [no-untyped-call]
src\gameplay\core\tasks\refill.py:39: error: Call to untyped function "SetChatOffTask" in typed context  [no-untyped-call]
src\gameplay\core\tasks\refill.py:44: error: Call to untyped function "CloseNpcTradeBoxTask" in typed context  [no-untyped-call]
src\gameplay\core\tasks\refill.py:46: error: Call to untyped function "SetNextWaypointTask" in typed context  [no-untyped-call]
src\gameplay\core\tasks\depositGold.py:12: error: Function is missing a return type annotation  [no-untyped-def]
src\gameplay\core\tasks\depositGold.py:12: note: Use "-> None" if function does not return a value
src\gameplay\core\tasks\depositGold.py:28: error: Call to untyped function "SetChatOffTask" in typed context  [no-untyped-call]
src\gameplay\core\tasks\depositGold.py:29: error: Call to untyped function "SetNextWaypointTask" in typed context  [no-untyped-call]
src\gameplay\core\tasks\buyBackpack.py:34: error: Call to untyped function "SetChatOffTask" in typed context  [no-untyped-call]
src\gameplay\core\tasks\buyBackpack.py:37: error: Call to untyped function "CloseNpcTradeBoxTask" in typed context  [no-untyped-call]
src\gameplay\core\tasks\buyBackpack.py:38: error: Call to untyped function "SetNextWaypointTask" in typed context  [no-untyped-call]
src\gameplay\core\tasks\singleWalk.py:23: error: Call to untyped function "SetNextWaypointTask" in typed context  [no-untyped-call]
src\gameplay\core\tasks\walkToTargetCreature.py:13: error: Function is missing a return type annotation  [no-untyped-def]
src\gameplay\core\tasks\walkToTargetCreature.py:13: note: Use "-> None" if function does not return a value
src\gameplay\core\tasks\walkToTargetCreature.py:53: error: Function is missing a return type annotation  [no-untyped-def]
src\gameplay\core\tasks\attackClosestCreature.py:9: error: Function is missing a return type annotation  [no-untyped-def]
src\gameplay\core\tasks\attackClosestCreature.py:9: note: Use "-> None" if function does not return a value
src\gameplay\core\tasks\attackClosestCreature.py:35: error: Call to untyped function "WalkToTargetCreatureTask" in typed context  [no-untyped-call]
src\gameplay\cavebot.py:18: error: Call to untyped function "AttackClosestCreatureTask" in typed context  [no-untyped-call]
src\gameplay\cavebot.py:22: error: Call to untyped function "AttackClosestCreatureTask" in typed context  [no-untyped-call]
src\gameplay\cavebot.py:27: error: Call to untyped function "AttackClosestCreatureTask" in typed context  [no-untyped-call]
src\gameplay\core\tasks\attackMonstersBox.py:9: error: Function is missing a return type annotation  [no-untyped-def]
src\gameplay\core\tasks\attackMonstersBox.py:9: note: Use "-> None" if function does not return a value
src\gameplay\core\tasks\attackMonstersBox.py:38: error: Call to untyped function "AttackClosestCreatureTask" in typed context  [no-untyped-call]
src\gameplay\core\tasks\attackMonstersBox.py:44: error: Call to untyped function "SetNextWaypointTask" in typed context  [no-untyped-call]
src\gameplay\core\tasks\depositItems.py:27: error: Call to untyped function "OpenLockerTask" in typed context  [no-untyped-call]
src\gameplay\core\tasks\depositItems.py:31: error: Call to untyped function "OpenDepotTask" in typed context  [no-untyped-call]
src\gameplay\core\tasks\depositItems.py:35: error: Call to untyped function "SetNextWaypointTask" in typed context  [no-untyped-call]
src\gameplay\core\tasks\useRopeWaypoint.py:20: error: Call to untyped function "SetNextWaypointTask" in typed context  [no-untyped-call]
src\gameplay\core\tasks\useLadderWaypoint.py:20: error: Call to untyped function "SetNextWaypointTask" in typed context  [no-untyped-call]
src\gameplay\core\tasks\openDoorWaypoint.py:50: error: Call to untyped function "SetNextWaypointTask" in typed context  [no-untyped-call]
src\gameplay\core\tasks\walkToCoordinate.py:15: error: Function is missing a type annotation for one or more arguments  [no-untyped-def]
src\gameplay\core\tasks\walkToCoordinate.py:15: error: Variable "src.repositories.radar.typings.Coordinate" is not valid as a type  [valid-type]
src\gameplay\core\tasks\walkToCoordinate.py:15: note: See https://mypy.readthedocs.io/en/stable/common_issues.html#variables-vs-type-aliases
src\gameplay\core\tasks\walkToCoordinate.py:39: error: Function is missing a return type annotation  [no-untyped-def]
src\gameplay\core\tasks\walkToCoordinate.py:43: error: Function is missing a return type annotation  [no-untyped-def]
src\gameplay\core\tasks\walkToCoordinate.py:68: error: Call to untyped function "AttackMonstersBoxTask" in typed context  [no-untyped-call]
src\gameplay\core\tasks\walkToCoordinate.py:77: error: Call to untyped function "WalkToTargetCreatureTask" in typed context  [no-untyped-call]
src\gameplay\core\tasks\walkToWaypoint.py:26: error: Call to untyped function "SetNextWaypointTask" in typed context  [no-untyped-call]
src\gameplay\core\tasks\walkToWaypoint.py:31: error: Call to untyped function "AttackMonstersBoxTask" in typed context  [no-untyped-call]
src\gameplay\core\tasks\walkToWaypoint.py:36: error: Call to untyped function "sayPlayerAfterBoxTask" in typed context  [no-untyped-call]
src\gameplay\core\tasks\walkToWaypoint.py:37: error: Call to untyped function "SetNextWaypointTask" in typed context  [no-untyped-call]
src\gameplay\resolvers.py:28: error: Call to untyped function "DepositGoldTask" in typed context  [no-untyped-call]
src\gameplay\resolvers.py:34: error: Call to untyped function "DepositItemsHouseTask" in typed context  [no-untyped-call]
src\gameplay\resolvers.py:67: error: Call to untyped function "SetNextWaypointTask" in typed context  [no-untyped-call]
src\gameplay\threads\pilotNG.py:37: error: Function is missing a type annotation  [no-untyped-def]
src\gameplay\threads\pilotNG.py:41: error: Function is missing a return type annotation  [no-untyped-def]
src\gameplay\threads\pilotNG.py:41: note: Use "-> None" if function does not return a value
src\gameplay\threads\pilotNG.py:115: error: Function is missing a type annotation  [no-untyped-def]
src\gameplay\threads\pilotNG.py:137: error: Function is missing a type annotation  [no-untyped-def]
main.py:13: error: Call to untyped function "PilotNGThread" in typed context  [no-untyped-call]
Found 145 errors in 55 files (checked 247 source files)
